2019-01-08 20:23:09.272  INFO 16643 --- [main] c.e.arsenedata.service.DataServiceTest   : Starting DataServiceTest on Indamutsa with PID 16643 (started by arsene in /home/arsene/IdeaProjects/arsenedata)
2019-01-08 20:23:09.289  INFO 16643 --- [main] c.e.arsenedata.service.DataServiceTest   : No active profile set, falling back to default profiles: default
2019-01-08 20:23:12.500  INFO 16643 --- [main] .s.d.r.c.RepositoryConfigurationDelegate : Bootstrapping Spring Data repositories in DEFAULT mode.
2019-01-08 20:23:12.641  INFO 16643 --- [main] .s.d.r.c.RepositoryConfigurationDelegate : Finished Spring Data repository scanning in 126ms. Found 6 repository interfaces.
2019-01-08 20:23:14.006  INFO 16643 --- [main] trationDelegate$BeanPostProcessorChecker : Bean 'org.springframework.transaction.annotation.ProxyTransactionManagementConfiguration' of type [org.springframework.transaction.annotation.ProxyTransactionManagementConfiguration$$EnhancerBySpringCGLIB$$bab738c2] is not eligible for getting processed by all BeanPostProcessors (for example: not eligible for auto-proxying)
2019-01-08 20:23:14.195  INFO 16643 --- [main] trationDelegate$BeanPostProcessorChecker : Bean 'org.springframework.security.config.annotation.configuration.ObjectPostProcessorConfiguration' of type [org.springframework.security.config.annotation.configuration.ObjectPostProcessorConfiguration$$EnhancerBySpringCGLIB$$536500fc] is not eligible for getting processed by all BeanPostProcessors (for example: not eligible for auto-proxying)
2019-01-08 20:23:14.234  INFO 16643 --- [main] trationDelegate$BeanPostProcessorChecker : Bean 'objectPostProcessor' of type [org.springframework.security.config.annotation.configuration.AutowireBeanFactoryObjectPostProcessor] is not eligible for getting processed by all BeanPostProcessors (for example: not eligible for auto-proxying)
2019-01-08 20:23:14.242  INFO 16643 --- [main] trationDelegate$BeanPostProcessorChecker : Bean 'org.springframework.security.access.expression.method.DefaultMethodSecurityExpressionHandler@7ad889be' of type [org.springframework.security.access.expression.method.DefaultMethodSecurityExpressionHandler] is not eligible for getting processed by all BeanPostProcessors (for example: not eligible for auto-proxying)
2019-01-08 20:23:14.272  INFO 16643 --- [main] trationDelegate$BeanPostProcessorChecker : Bean 'org.springframework.security.config.annotation.method.configuration.GlobalMethodSecurityConfiguration' of type [org.springframework.security.config.annotation.method.configuration.GlobalMethodSecurityConfiguration$$EnhancerBySpringCGLIB$$7839a3ae] is not eligible for getting processed by all BeanPostProcessors (for example: not eligible for auto-proxying)
2019-01-08 20:23:14.288  INFO 16643 --- [main] trationDelegate$BeanPostProcessorChecker : Bean 'methodSecurityMetadataSource' of type [org.springframework.security.access.method.DelegatingMethodSecurityMetadataSource] is not eligible for getting processed by all BeanPostProcessors (for example: not eligible for auto-proxying)
2019-01-08 20:23:15.211  INFO 16643 --- [main] o.s.b.w.embedded.tomcat.TomcatWebServer  : Tomcat initialized with port(s): 0 (http)
2019-01-08 20:23:15.289  INFO 16643 --- [main] o.apache.catalina.core.StandardService   : Starting service [Tomcat]
2019-01-08 20:23:15.289  INFO 16643 --- [main] org.apache.catalina.core.StandardEngine  : Starting Servlet Engine: Apache Tomcat/9.0.13
2019-01-08 20:23:15.308  INFO 16643 --- [main] o.a.catalina.core.AprLifecycleListener   : The APR based Apache Tomcat Native library which allows optimal performance in production environments was not found on the java.library.path: [/usr/java/packages/lib:/usr/lib64:/lib64:/lib:/usr/lib]
2019-01-08 20:23:15.702  INFO 16643 --- [main] o.a.c.c.C.[Tomcat].[localhost].[/]       : Initializing Spring embedded WebApplicationContext
2019-01-08 20:23:15.706  INFO 16643 --- [main] o.s.web.context.ContextLoader            : Root WebApplicationContext: initialization completed in 6333 ms
2019-01-08 20:23:17.428  INFO 16643 --- [main] com.zaxxer.hikari.HikariDataSource       : HikariPool-1 - Starting...
2019-01-08 20:23:17.647  INFO 16643 --- [main] com.zaxxer.hikari.HikariDataSource       : HikariPool-1 - Start completed.
2019-01-08 20:23:17.838  INFO 16643 --- [main] o.hibernate.jpa.internal.util.LogHelper  : HHH000204: Processing PersistenceUnitInfo [
	name: default
	...]
2019-01-08 20:23:18.002  INFO 16643 --- [main] org.hibernate.Version                    : HHH000412: Hibernate Core {5.3.7.Final}
2019-01-08 20:23:18.005  INFO 16643 --- [main] org.hibernate.cfg.Environment            : HHH000206: hibernate.properties not found
2019-01-08 20:23:18.137  INFO 16643 --- [main] o.hibernate.annotations.common.Version   : HCANN000001: Hibernate Commons Annotations {5.0.4.Final}
2019-01-08 20:23:18.453  INFO 16643 --- [main] org.hibernate.dialect.Dialect            : HHH000400: Using dialect: org.hibernate.dialect.MySQL5InnoDBDialect
2019-01-08 20:23:19.401  INFO 16643 --- [main] j.LocalContainerEntityManagerFactoryBean : Initialized JPA EntityManagerFactory for persistence unit 'default'
2019-01-08 20:23:21.330  INFO 16643 --- [main] o.s.s.concurrent.ThreadPoolTaskExecutor  : Initializing ExecutorService 'applicationTaskExecutor'
2019-01-08 20:23:21.422  WARN 16643 --- [main] aWebConfiguration$JpaWebMvcConfiguration : spring.jpa.open-in-view is enabled by default. Therefore, database queries may be performed during view rendering. Explicitly configure spring.jpa.open-in-view to disable this warning
2019-01-08 20:23:21.707  WARN 16643 --- [main] ion$DefaultTemplateResolverConfiguration : Cannot find template location: classpath:/templates/ (please add some templates or check your Thymeleaf configuration)
2019-01-08 20:23:22.585  INFO 16643 --- [main] o.s.s.web.DefaultSecurityFilterChain     : Creating filter chain: any request, [org.springframework.security.web.context.request.async.WebAsyncManagerIntegrationFilter@4c43c37d, org.springframework.security.web.context.SecurityContextPersistenceFilter@1da40ae8, org.springframework.security.web.header.HeaderWriterFilter@f8b6743, org.springframework.security.web.authentication.logout.LogoutFilter@77e2a5d3, com.example.arsenedata.security.JwtTokenFilter@61c946a0, org.springframework.security.web.authentication.www.BasicAuthenticationFilter@6dcf39c6, org.springframework.security.web.savedrequest.RequestCacheAwareFilter@7719b257, org.springframework.security.web.servletapi.SecurityContextHolderAwareRequestFilter@57596d71, org.springframework.security.web.authentication.AnonymousAuthenticationFilter@227e4ea8, org.springframework.security.web.session.SessionManagementFilter@2cea41ab, org.springframework.security.web.access.ExceptionTranslationFilter@2acbbee4, org.springframework.security.web.access.intercept.FilterSecurityInterceptor@2746bc43]
2019-01-08 20:23:22.730  INFO 16643 --- [main] o.s.b.a.e.web.EndpointLinksResolver      : Exposing 2 endpoint(s) beneath base path '/actuator'
2019-01-08 20:23:23.048  INFO 16643 --- [main] o.s.b.w.embedded.tomcat.TomcatWebServer  : Tomcat started on port(s): 40649 (http) with context path ''
2019-01-08 20:23:23.054  INFO 16643 --- [main] c.e.arsenedata.service.DataServiceTest   : Started DataServiceTest in 15.051 seconds (JVM running for 20.812)
2019-01-08 20:23:23.124  INFO 16643 --- [Thread-5] o.s.s.concurrent.ThreadPoolTaskExecutor  : Shutting down ExecutorService 'applicationTaskExecutor'
2019-01-08 20:23:23.127  INFO 16643 --- [Thread-5] j.LocalContainerEntityManagerFactoryBean : Closing JPA EntityManagerFactory for persistence unit 'default'
2019-01-08 20:23:23.139  INFO 16643 --- [Thread-5] com.zaxxer.hikari.HikariDataSource       : HikariPool-1 - Shutdown initiated...
2019-01-08 20:23:23.158  INFO 16643 --- [Thread-5] com.zaxxer.hikari.HikariDataSource       : HikariPool-1 - Shutdown completed.
